SF:lib/main.dart
DA:9,0
DA:10,0
DA:18,13
DA:23,4
DA:25,4
DA:26,4
DA:28,4
DA:29,4
DA:39,4
LF:9
LH:7
end_of_record
SF:lib/model/recipe.dart
DA:8,3
DA:15,3
DA:16,3
DA:17,3
DA:29,2
DA:30,2
DA:31,2
DA:32,2
DA:33,2
DA:35,2
DA:36,2
DA:37,2
DA:38,2
DA:39,2
DA:40,2
LF:15
LH:15
end_of_record
SF:lib/widget/recipe_list.dart
DA:8,4
DA:12,4
DA:17,4
DA:19,4
DA:21,8
DA:23,3
DA:24,3
DA:25,6
DA:27,3
DA:28,3
DA:31,3
DA:32,3
DA:33,3
DA:36,6
LF:14
LH:14
end_of_record
SF:lib/controller/recipe.dart
DA:14,3
DA:16,0
DA:17,0
DA:19,0
DA:22,0
DA:23,0
DA:25,0
DA:29,3
DA:31,9
DA:33,6
DA:34,4
DA:35,8
DA:39,3
DA:43,1
DA:44,3
DA:45,1
DA:47,2
DA:52,9
DA:54,1
DA:56,2
DA:57,1
DA:62,1
DA:65,3
DA:68,1
DA:74,5
DA:75,5
DA:77,2
DA:78,1
DA:79,1
DA:84,1
DA:87,3
DA:90,1
DA:91,7
DA:93,3
DA:98,3
DA:99,3
DA:101,2
DA:102,2
DA:104,4
DA:105,10
DA:106,2
DA:109,1
DA:110,1
DA:115,12
DA:116,3
DA:121,12
DA:122,6
DA:123,9
DA:129,6
DA:130,6
DA:131,6
DA:133,3
LF:52
LH:46
end_of_record
SF:lib/routes.dart
DA:10,12
DA:11,1
DA:12,2
DA:13,2
DA:14,1
LF:5
LH:5
end_of_record
SF:lib/theme.dart
DA:3,4
DA:4,4
DA:29,4
DA:30,4
LF:4
LH:4
end_of_record
SF:lib/view/add_food.dart
DA:9,4
DA:11,2
DA:12,2
DA:18,2
DA:20,2
DA:21,2
DA:22,2
DA:24,2
DA:26,2
DA:27,6
DA:29,2
DA:31,1
DA:32,3
DA:36,6
DA:37,1
DA:38,1
DA:39,1
DA:42,1
DA:43,1
DA:44,1
DA:46,1
DA:48,6
DA:51,2
DA:52,2
LF:24
LH:24
end_of_record
SF:lib/view/edit_food.dart
DA:10,4
DA:12,1
DA:13,1
DA:25,1
DA:27,3
DA:28,2
DA:29,2
DA:30,2
DA:32,1
DA:34,1
DA:35,3
DA:36,1
DA:37,1
DA:40,1
DA:41,6
DA:42,1
DA:47,1
DA:49,1
DA:50,3
DA:54,6
DA:55,1
DA:56,1
DA:57,1
DA:58,1
DA:61,1
DA:62,1
DA:63,1
DA:65,1
DA:67,3
DA:70,1
DA:71,1
LF:31
LH:31
end_of_record
SF:lib/view/home.dart
DA:8,9
DA:10,3
DA:12,3
DA:13,3
DA:14,9
DA:20,3
DA:22,4
DA:23,9
DA:30,4
DA:34,3
DA:37,6
DA:38,6
DA:39,6
DA:41,3
DA:42,3
DA:43,1
DA:44,3
DA:45,3
DA:47,3
DA:48,3
DA:49,3
DA:51,2
DA:52,2
DA:53,4
DA:55,8
DA:85,3
DA:87,3
DA:89,1
DA:90,1
LF:29
LH:29
end_of_record
SF:lib/view/splash.dart
DA:11,5
DA:13,1
DA:14,1
DA:18,1
DA:20,1
DA:22,2
DA:23,1
DA:24,1
DA:25,1
DA:26,1
DA:27,1
DA:32,1
DA:33,1
DA:38,1
DA:39,1
DA:44,1
DA:49,1
DA:51,1
DA:52,1
DA:53,1
DA:55,1
DA:56,3
DA:57,3
LF:23
LH:23
end_of_record
SF:lib/widget/recipe_form.dart
DA:5,2
DA:12,2
DA:23,2
DA:25,2
DA:26,2
DA:27,2
DA:28,2
DA:30,2
DA:31,2
DA:33,2
DA:35,2
DA:36,2
DA:38,4
DA:40,1
DA:41,1
DA:42,2
DA:48,2
DA:50,2
DA:52,2
DA:55,2
DA:57,4
DA:61,2
DA:63,2
DA:65,2
DA:68,2
DA:70,4
LF:26
LH:26
end_of_record
