SF:lib/main.dart
DA:9,0
DA:10,0
DA:18,10
DA:23,3
DA:25,3
DA:26,3
DA:28,3
DA:29,3
DA:39,3
LF:9
LH:7
end_of_record
SF:lib/view/splash.dart
DA:11,4
DA:13,1
DA:14,1
DA:18,1
DA:20,1
DA:22,2
DA:23,1
DA:24,1
DA:25,1
DA:26,1
DA:27,1
DA:32,1
DA:33,1
DA:38,1
DA:39,1
DA:44,1
DA:49,1
DA:51,1
DA:52,1
DA:53,1
DA:55,1
DA:56,3
DA:57,3
LF:23
LH:23
end_of_record
SF:lib/controller/recipe.dart
DA:6,3
DA:8,1
DA:9,2
DA:10,1
DA:11,1
DA:21,4
DA:22,1
LF:7
LH:7
end_of_record
SF:lib/model/recipe.dart
DA:8,2
DA:15,2
DA:16,2
DA:17,2
LF:4
LH:4
end_of_record
SF:lib/routes.dart
DA:9,9
DA:10,1
DA:11,1
DA:12,2
LF:4
LH:4
end_of_record
SF:lib/theme.dart
DA:3,3
DA:4,3
LF:2
LH:2
end_of_record
SF:lib/view/add_food.dart
DA:8,3
DA:10,2
DA:11,2
DA:17,2
DA:19,2
DA:20,2
DA:21,2
DA:23,2
DA:25,2
DA:26,6
DA:28,2
DA:30,1
DA:31,5
DA:32,1
DA:33,1
DA:34,1
DA:37,1
DA:38,1
DA:39,1
DA:41,3
DA:42,2
DA:44,6
DA:47,2
DA:48,2
DA:49,2
DA:51,2
DA:52,2
DA:54,2
DA:61,0
DA:62,0
DA:69,2
DA:71,2
DA:80,0
DA:81,0
DA:88,2
DA:90,2
DA:99,0
DA:100,0
LF:38
LH:32
end_of_record
SF:lib/view/home.dart
DA:6,7
DA:8,2
DA:9,2
DA:13,2
DA:15,2
DA:16,2
DA:17,6
DA:23,2
DA:25,2
DA:26,6
DA:34,3
DA:36,2
DA:38,2
DA:41,2
DA:70,2
DA:71,2
DA:77,2
DA:79,2
DA:80,2
DA:81,4
LF:20
LH:20
end_of_record
SF:lib/widget/recipe_list.dart
DA:6,1
DA:9,1
DA:13,1
DA:15,1
DA:17,2
DA:20,1
DA:21,1
DA:22,2
DA:24,1
DA:25,2
DA:26,2
LF:11
LH:11
end_of_record
